Build started 5/10/2017 9:48:32 AM.
     1>Project "C:\Users\gn129659\Desktop\Github Repository\TxtTest\TxtTest\TxtTest.vcxproj" on node 2 (Build target(s)).
     1>ClCompile:
         C:\Program Files (x86)\Microsoft Visual Studio 12.0\VC\bin\CL.exe /c /ZI /nologo /W3 /WX- /sdl /Od /Oy- /D WIN32 /D _DEBUG /D _CONSOLE /D _LIB /D _UNICODE /D UNICODE /Gm /EHsc /RTC1 /MDd /GS /fp:precise /Zc:wchar_t /Zc:forScope /Fo"Debug\\" /Fd"Debug\vc120.pdb" /Gd /TP /analyze- /errorReport:prompt Source.cpp
         Source.cpp
     1>c:\users\gn129659\desktop\github repository\txttest\txttest\source.cpp(19): error C2661: 'std::basic_istream<char,std::char_traits<char>>::getline' : no overloaded function takes 0 arguments
     1>Done Building Project "C:\Users\gn129659\Desktop\Github Repository\TxtTest\TxtTest\TxtTest.vcxproj" (Build target(s)) -- FAILED.

Build FAILED.

Time Elapsed 00:00:02.91
